\BOOKMARK [1][-]{section.1}{\376\377\000B\000A\000B\000\040\000I}{}% 1
\BOOKMARK [1][-]{section.2}{\376\377\000P\000E\000N\000D\000A\000H\000U\000L\000U\000A\000N}{}% 2
\BOOKMARK [2][-]{subsection.2.1}{\376\377\0001\000.\0001\000\040\000L\000a\000t\000a\000r\000\040\000B\000e\000l\000a\000k\000a\000n\000g}{section.2}% 3
\BOOKMARK [2][-]{subsection.2.2}{\376\377\0001\000.\0002\000\040\000T\000u\000j\000u\000a\000n\000\040\000P\000r\000o\000y\000e\000k}{section.2}% 4
\BOOKMARK [2][-]{subsection.2.3}{\376\377\0001\000.\0003\000\040\000R\000u\000a\000n\000g\000\040\000L\000i\000n\000g\000k\000u\000p\000\040\000P\000r\000o\000y\000e\000k}{section.2}% 5
\BOOKMARK [2][-]{subsection.2.4}{\376\377\0001\000.\0004\000\040\000M\000a\000n\000f\000a\000a\000t\000\040\000P\000r\000o\000y\000e\000k}{section.2}% 6
\BOOKMARK [3][-]{subsubsection.2.4.1}{\376\377\000B\000a\000g\000i\000\040\000P\000e\000n\000g\000g\000u\000n\000a}{subsection.2.4}% 7
\BOOKMARK [3][-]{subsubsection.2.4.2}{\376\377\000B\000a\000g\000i\000\040\000P\000e\000m\000i\000l\000i\000k\000\040\000U\000s\000a\000h\000a}{subsection.2.4}% 8
\BOOKMARK [3][-]{subsubsection.2.4.3}{\376\377\000B\000a\000g\000i\000\040\000P\000e\000n\000g\000e\000m\000b\000a\000n\000g}{subsection.2.4}% 9
\BOOKMARK [2][-]{subsection.2.5}{\376\377\0001\000.\0005\000\040\000G\000a\000m\000b\000a\000r\000a\000n\000\040\000U\000m\000u\000m\000\040\000S\000i\000s\000t\000e\000m}{section.2}% 10
\BOOKMARK [1][-]{section.3}{\376\377\000B\000A\000B\000\040\000I\000I}{}% 11
\BOOKMARK [1][-]{section.4}{\376\377\000G\000A\000M\000B\000A\000R\000A\000N\000\040\000U\000M\000U\000M\000\040\000D\000A\000N\000\040\000P\000E\000R\000A\000N\000C\000A\000N\000G\000A\000N\000\040\000S\000I\000S\000T\000E\000M}{}% 12
\BOOKMARK [2][-]{subsection.4.1}{\376\377\0002\000.\0001\000\040\000G\000a\000m\000b\000a\000r\000a\000n\000\040\000U\000m\000u\000m\000\040\000S\000i\000s\000t\000e\000m}{section.4}% 13
\BOOKMARK [2][-]{subsection.4.2}{\376\377\0002\000.\0002\000\040\000A\000r\000s\000i\000t\000e\000k\000t\000u\000r\000\040\000S\000i\000s\000t\000e\000m}{section.4}% 14
\BOOKMARK [3][-]{subsubsection.4.2.1}{\376\377\000D\000i\000a\000g\000r\000a\000m\000\040\000A\000r\000s\000i\000t\000e\000k\000t\000u\000r\000\040\000S\000i\000s\000t\000e\000m}{subsection.4.2}% 15
\BOOKMARK [3][-]{subsubsection.4.2.2}{\376\377\000P\000e\000n\000j\000e\000l\000a\000s\000a\000n\000\040\000A\000r\000s\000i\000t\000e\000k\000t\000u\000r}{subsection.4.2}% 16
\BOOKMARK [2][-]{subsection.4.3}{\376\377\0002\000.\0003\000\040\000H\000a\000k\000\040\000A\000k\000s\000e\000s\000\040\000P\000e\000n\000g\000g\000u\000n\000a}{section.4}% 17
\BOOKMARK [3][-]{subsubsection.4.3.1}{\376\377\000A\000d\000m\000i\000n}{subsection.4.3}% 18
\BOOKMARK [3][-]{subsubsection.4.3.2}{\376\377\000M\000a\000n\000a\000g\000e\000r}{subsection.4.3}% 19
\BOOKMARK [3][-]{subsubsection.4.3.3}{\376\377\000C\000a\000s\000h\000i\000e\000r}{subsection.4.3}% 20
\BOOKMARK [2][-]{subsection.4.4}{\376\377\0002\000.\0004\000\040\000F\000i\000t\000u\000r\000\040\000S\000i\000s\000t\000e\000m}{section.4}% 21
\BOOKMARK [3][-]{subsubsection.4.4.1}{\376\377\0002\000.\0004\000.\0001\000\040\000D\000a\000s\000h\000b\000o\000a\000r\000d}{subsection.4.4}% 22
\BOOKMARK [3][-]{subsubsection.4.4.2}{\376\377\0002\000.\0004\000.\0002\000\040\000P\000o\000i\000n\000t\000\040\000o\000f\000\040\000S\000a\000l\000e\000\040\000\050\000P\000O\000S\000\051}{subsection.4.4}% 23
\BOOKMARK [3][-]{subsubsection.4.4.3}{\376\377\0002\000.\0004\000.\0003\000\040\000P\000e\000m\000b\000a\000y\000a\000r\000a\000n\000\040\000Q\000R\000I\000S}{subsection.4.4}% 24
\BOOKMARK [3][-]{subsubsection.4.4.4}{\376\377\0002\000.\0004\000.\0004\000\040\000M\000a\000n\000a\000j\000e\000m\000e\000n\000\040\000P\000r\000o\000d\000u\000k}{subsection.4.4}% 25
\BOOKMARK [3][-]{subsubsection.4.4.5}{\376\377\0002\000.\0004\000.\0005\000\040\000M\000a\000n\000a\000j\000e\000m\000e\000n\000\040\000K\000a\000t\000e\000g\000o\000r\000i}{subsection.4.4}% 26
\BOOKMARK [3][-]{subsubsection.4.4.6}{\376\377\0002\000.\0004\000.\0006\000\040\000M\000a\000n\000a\000j\000e\000m\000e\000n\000\040\000P\000e\000n\000g\000g\000u\000n\000a}{subsection.4.4}% 27
\BOOKMARK [3][-]{subsubsection.4.4.7}{\376\377\0002\000.\0004\000.\0007\000\040\000L\000a\000p\000o\000r\000a\000n\000\040\000P\000e\000n\000j\000u\000a\000l\000a\000n}{subsection.4.4}% 28
\BOOKMARK [3][-]{subsubsection.4.4.8}{\376\377\0002\000.\0004\000.\0008\000\040\000M\000a\000r\000k\000e\000t\000\040\000B\000a\000s\000k\000e\000t\000\040\000A\000n\000a\000l\000y\000s\000i\000s}{subsection.4.4}% 29
\BOOKMARK [2][-]{subsection.4.5}{\376\377\0002\000.\0005\000\040\000P\000e\000r\000a\000n\000c\000a\000n\000g\000a\000n\000\040\000D\000a\000t\000a\000b\000a\000s\000e}{section.4}% 30
\BOOKMARK [3][-]{subsubsection.4.5.1}{\376\377\000T\000a\000b\000e\000l\000\040\000U\000s\000e\000r\000s}{subsection.4.5}% 31
\BOOKMARK [3][-]{subsubsection.4.5.2}{\376\377\000T\000a\000b\000e\000l\000\040\000C\000a\000t\000e\000g\000o\000r\000i\000e\000s}{subsection.4.5}% 32
\BOOKMARK [3][-]{subsubsection.4.5.3}{\376\377\000T\000a\000b\000e\000l\000\040\000P\000r\000o\000d\000u\000c\000t\000s}{subsection.4.5}% 33
\BOOKMARK [3][-]{subsubsection.4.5.4}{\376\377\000T\000a\000b\000e\000l\000\040\000O\000r\000d\000e\000r\000s}{subsection.4.5}% 34
\BOOKMARK [3][-]{subsubsection.4.5.5}{\376\377\000T\000a\000b\000e\000l\000\040\000O\000r\000d\000e\000r\000\040\000I\000t\000e\000m\000s}{subsection.4.5}% 35
\BOOKMARK [3][-]{subsubsection.4.5.6}{\376\377\000T\000a\000b\000e\000l\000\040\000I\000n\000v\000e\000n\000t\000o\000r\000y\000\040\000B\000a\000t\000c\000h\000e\000s}{subsection.4.5}% 36
\BOOKMARK [2][-]{subsection.4.6}{\376\377\0002\000.\0006\000\040\000E\000n\000t\000i\000t\000y\000\040\000R\000e\000l\000a\000t\000i\000o\000n\000s\000h\000i\000p\000\040\000D\000i\000a\000g\000r\000a\000m\000\040\000\050\000E\000R\000D\000\051}{section.4}% 37
\BOOKMARK [2][-]{subsection.4.7}{\376\377\0002\000.\0007\000\040\000U\000s\000e\000\040\000C\000a\000s\000e\000\040\000D\000i\000a\000g\000r\000a\000m}{section.4}% 38
\BOOKMARK [3][-]{subsubsection.4.7.1}{\376\377\000U\000s\000e\000\040\000C\000a\000s\000e\000\040\000A\000d\000m\000i\000n}{subsection.4.7}% 39
\BOOKMARK [3][-]{subsubsection.4.7.2}{\376\377\000U\000s\000e\000\040\000C\000a\000s\000e\000\040\000M\000a\000n\000a\000g\000e\000r}{subsection.4.7}% 40
\BOOKMARK [3][-]{subsubsection.4.7.3}{\376\377\000U\000s\000e\000\040\000C\000a\000s\000e\000\040\000C\000a\000s\000h\000i\000e\000r}{subsection.4.7}% 41
\BOOKMARK [2][-]{subsection.4.8}{\376\377\0002\000.\0008\000\040\000R\000i\000n\000g\000k\000a\000s\000a\000n\000\040\000P\000e\000r\000a\000n\000c\000a\000n\000g\000a\000n\000\040\000S\000i\000s\000t\000e\000m}{section.4}% 42
\BOOKMARK [1][-]{section.5}{\376\377\000B\000A\000B\000\040\000I\000I\000I}{}% 43
\BOOKMARK [1][-]{section.6}{\376\377\000I\000M\000P\000L\000E\000M\000E\000N\000T\000A\000S\000I\000\040\000S\000I\000S\000T\000E\000M}{}% 44
\BOOKMARK [2][-]{subsection.6.1}{\376\377\0003\000.\0001\000\040\000I\000m\000p\000l\000e\000m\000e\000n\000t\000a\000s\000i\000\040\000S\000i\000s\000t\000e\000m}{section.6}% 45
\BOOKMARK [2][-]{subsection.6.2}{\376\377\0003\000.\0002\000\040\000L\000i\000n\000g\000k\000u\000n\000g\000a\000n\000\040\000I\000m\000p\000l\000e\000m\000e\000n\000t\000a\000s\000i}{section.6}% 46
\BOOKMARK [3][-]{subsubsection.6.2.1}{\376\377\0003\000.\0002\000.\0001\000\040\000P\000e\000r\000a\000n\000g\000k\000a\000t\000\040\000K\000e\000r\000a\000s}{subsection.6.2}% 47
\BOOKMARK [3][-]{subsubsection.6.2.2}{\376\377\0003\000.\0002\000.\0002\000\040\000P\000e\000r\000a\000n\000g\000k\000a\000t\000\040\000L\000u\000n\000a\000k}{subsection.6.2}% 48
\BOOKMARK [1][-]{section.7}{\376\377\0003\000.\0003\000\040\000I\000m\000p\000l\000e\000m\000e\000n\000t\000a\000s\000i\000\040\000A\000n\000t\000a\000r\000m\000u\000k\000a\000\040\000S\000i\000s\000t\000e\000m}{}% 49
\BOOKMARK [2][-]{subsection.7.1}{\376\377\0003\000.\0003\000.\0001\000\040\000H\000a\000l\000a\000m\000a\000n\000\040\000L\000o\000g\000i\000n}{section.7}% 50
\BOOKMARK [3][-]{subsubsection.7.1.1}{\376\377\000T\000a\000m\000p\000i\000l\000a\000n\000\040\000H\000a\000l\000a\000m\000a\000n\000\040\000L\000o\000g\000i\000n}{subsection.7.1}% 51
\BOOKMARK [3][-]{subsubsection.7.1.2}{\376\377\000H\000a\000s\000i\000l\000\040\000I\000m\000p\000l\000e\000m\000e\000n\000t\000a\000s\000i}{subsection.7.1}% 52
\BOOKMARK [2][-]{subsection.7.2}{\376\377\0003\000.\0003\000.\0002\000\040\000D\000a\000s\000h\000b\000o\000a\000r\000d}{section.7}% 53
\BOOKMARK [3][-]{subsubsection.7.2.1}{\376\377\000T\000a\000m\000p\000i\000l\000a\000n\000\040\000D\000a\000s\000h\000b\000o\000a\000r\000d}{subsection.7.2}% 54
\BOOKMARK [3][-]{subsubsection.7.2.2}{\376\377\000H\000a\000s\000i\000l\000\040\000I\000m\000p\000l\000e\000m\000e\000n\000t\000a\000s\000i}{subsection.7.2}% 55
\BOOKMARK [2][-]{subsection.7.3}{\376\377\0003\000.\0003\000.\0003\000\040\000P\000o\000i\000n\000t\000\040\000o\000f\000\040\000S\000a\000l\000e\000\040\000\050\000P\000O\000S\000\051}{section.7}% 56
\BOOKMARK [3][-]{subsubsection.7.3.1}{\376\377\000T\000a\000m\000p\000i\000l\000a\000n\000\040\000P\000O\000S}{subsection.7.3}% 57
\BOOKMARK [3][-]{subsubsection.7.3.2}{\376\377\000H\000a\000s\000i\000l\000\040\000I\000m\000p\000l\000e\000m\000e\000n\000t\000a\000s\000i}{subsection.7.3}% 58
\BOOKMARK [2][-]{subsection.7.4}{\376\377\0003\000.\0003\000.\0004\000\040\000K\000e\000r\000a\000n\000j\000a\000n\000g\000\040\000B\000e\000l\000a\000n\000j\000a}{section.7}% 59
\BOOKMARK [3][-]{subsubsection.7.4.1}{\376\377\000T\000a\000m\000p\000i\000l\000a\000n\000\040\000K\000e\000r\000a\000n\000j\000a\000n\000g}{subsection.7.4}% 60
\BOOKMARK [2][-]{subsection.7.5}{\376\377\0003\000.\0003\000.\0005\000\040\000P\000e\000m\000b\000a\000y\000a\000r\000a\000n\000\040\000Q\000R\000I\000S}{section.7}% 61
\BOOKMARK [3][-]{subsubsection.7.5.1}{\376\377\000T\000a\000m\000p\000i\000l\000a\000n\000\040\000Q\000R\000I\000S}{subsection.7.5}% 62
\BOOKMARK [3][-]{subsubsection.7.5.2}{\376\377\000H\000a\000s\000i\000l\000\040\000I\000m\000p\000l\000e\000m\000e\000n\000t\000a\000s\000i}{subsection.7.5}% 63
\BOOKMARK [2][-]{subsection.7.6}{\376\377\0003\000.\0003\000.\0006\000\040\000M\000a\000n\000a\000j\000e\000m\000e\000n\000\040\000P\000r\000o\000d\000u\000k}{section.7}% 64
\BOOKMARK [3][-]{subsubsection.7.6.1}{\376\377\000T\000a\000m\000p\000i\000l\000a\000n\000\040\000P\000r\000o\000d\000u\000k}{subsection.7.6}% 65
\BOOKMARK [3][-]{subsubsection.7.6.2}{\376\377\000H\000a\000s\000i\000l\000\040\000I\000m\000p\000l\000e\000m\000e\000n\000t\000a\000s\000i}{subsection.7.6}% 66
\BOOKMARK [2][-]{subsection.7.7}{\376\377\0003\000.\0003\000.\0007\000\040\000M\000a\000n\000a\000j\000e\000m\000e\000n\000\040\000K\000a\000t\000e\000g\000o\000r\000i}{section.7}% 67
\BOOKMARK [3][-]{subsubsection.7.7.1}{\376\377\000T\000a\000m\000p\000i\000l\000a\000n\000\040\000K\000a\000t\000e\000g\000o\000r\000i}{subsection.7.7}% 68
\BOOKMARK [2][-]{subsection.7.8}{\376\377\0003\000.\0003\000.\0008\000\040\000M\000a\000n\000a\000j\000e\000m\000e\000n\000\040\000P\000e\000n\000g\000g\000u\000n\000a}{section.7}% 69
\BOOKMARK [3][-]{subsubsection.7.8.1}{\376\377\000T\000a\000m\000p\000i\000l\000a\000n\000\040\000M\000a\000n\000a\000j\000e\000m\000e\000n\000\040\000P\000e\000n\000g\000g\000u\000n\000a}{subsection.7.8}% 70
\BOOKMARK [3][-]{subsubsection.7.8.2}{\376\377\000H\000a\000s\000i\000l\000\040\000I\000m\000p\000l\000e\000m\000e\000n\000t\000a\000s\000i}{subsection.7.8}% 71
\BOOKMARK [2][-]{subsection.7.9}{\376\377\0003\000.\0003\000.\0009\000\040\000L\000a\000p\000o\000r\000a\000n\000\040\000P\000e\000n\000j\000u\000a\000l\000a\000n}{section.7}% 72
\BOOKMARK [3][-]{subsubsection.7.9.1}{\376\377\000T\000a\000m\000p\000i\000l\000a\000n\000\040\000L\000a\000p\000o\000r\000a\000n}{subsection.7.9}% 73
\BOOKMARK [3][-]{subsubsection.7.9.2}{\376\377\000H\000a\000s\000i\000l\000\040\000I\000m\000p\000l\000e\000m\000e\000n\000t\000a\000s\000i}{subsection.7.9}% 74
\BOOKMARK [2][-]{subsection.7.10}{\376\377\0003\000.\0003\000.\0001\0000\000\040\000A\000n\000a\000l\000y\000t\000i\000c\000s\000\040\000A\000p\000r\000i\000o\000r\000i}{section.7}% 75
\BOOKMARK [3][-]{subsubsection.7.10.1}{\376\377\000T\000a\000m\000p\000i\000l\000a\000n\000\040\000A\000n\000a\000l\000y\000t\000i\000c\000s}{subsection.7.10}% 76
\BOOKMARK [3][-]{subsubsection.7.10.2}{\376\377\000H\000a\000s\000i\000l\000\040\000I\000m\000p\000l\000e\000m\000e\000n\000t\000a\000s\000i}{subsection.7.10}% 77
\BOOKMARK [1][-]{section.8}{\376\377\0003\000.\0004\000\040\000I\000m\000p\000l\000e\000m\000e\000n\000t\000a\000s\000i\000\040\000F\000I\000F\000O}{}% 78
\BOOKMARK [2][-]{subsubsection.8.0.1}{\376\377\000C\000o\000n\000t\000o\000h\000\040\000I\000m\000p\000l\000e\000m\000e\000n\000t\000a\000s\000i}{section.8}% 79
\BOOKMARK [3][-]{subsubsection.8.0.2}{\376\377\000H\000a\000s\000i\000l\000\040\000I\000m\000p\000l\000e\000m\000e\000n\000t\000a\000s\000i}{subsubsection.8.0.1}% 80
\BOOKMARK [1][-]{section.9}{\376\377\0003\000.\0005\000\040\000I\000m\000p\000l\000e\000m\000e\000n\000t\000a\000s\000i\000\040\000M\000a\000r\000k\000e\000t\000\040\000B\000a\000s\000k\000e\000t\000\040\000A\000n\000a\000l\000y\000s\000i\000s}{}% 81
\BOOKMARK [2][-]{subsubsection.9.0.1}{\376\377\000C\000o\000n\000t\000o\000h\000\040\000D\000a\000t\000a\000\040\000T\000r\000a\000n\000s\000a\000k\000s\000i}{section.9}% 82
\BOOKMARK [3][-]{subsubsection.9.0.2}{\376\377\000C\000o\000n\000t\000o\000h\000\040\000H\000a\000s\000i\000l\000\040\000A\000n\000a\000l\000i\000s\000i\000s}{subsubsection.9.0.1}% 83
\BOOKMARK [3][-]{subsubsection.9.0.3}{\376\377\000H\000a\000s\000i\000l\000\040\000I\000m\000p\000l\000e\000m\000e\000n\000t\000a\000s\000i}{subsubsection.9.0.1}% 84
\BOOKMARK [1][-]{section.10}{\376\377\0003\000.\0006\000\040\000R\000i\000n\000g\000k\000a\000s\000a\000n\000\040\000I\000m\000p\000l\000e\000m\000e\000n\000t\000a\000s\000i}{}% 85
\BOOKMARK [1][-]{section.11}{\376\377\000B\000A\000B\000\040\000I\000V}{}% 86
\BOOKMARK [1][-]{section.12}{\376\377\000P\000E\000N\000G\000U\000J\000I\000A\000N\000\040\000D\000A\000N\000\040\000K\000E\000S\000I\000M\000P\000U\000L\000A\000N}{}% 87
\BOOKMARK [2][-]{subsection.12.1}{\376\377\0004\000.\0001\000\040\000P\000e\000n\000g\000u\000j\000i\000a\000n\000\040\000S\000i\000s\000t\000e\000m}{section.12}% 88
\BOOKMARK [1][-]{section.13}{\376\377\0004\000.\0002\000\040\000P\000e\000n\000g\000u\000j\000i\000a\000n\000\040\000F\000i\000t\000u\000r\000\040\000L\000o\000g\000i\000n}{}% 89
\BOOKMARK [2][-]{subsubsection.13.0.1}{\376\377\000H\000a\000s\000i\000l\000\040\000P\000e\000n\000g\000u\000j\000i\000a\000n}{section.13}% 90
\BOOKMARK [1][-]{section.14}{\376\377\0004\000.\0003\000\040\000P\000e\000n\000g\000u\000j\000i\000a\000n\000\040\000M\000a\000n\000a\000j\000e\000m\000e\000n\000\040\000P\000r\000o\000d\000u\000k}{}% 91
\BOOKMARK [2][-]{subsubsection.14.0.1}{\376\377\000H\000a\000s\000i\000l\000\040\000P\000e\000n\000g\000u\000j\000i\000a\000n}{section.14}% 92
\BOOKMARK [1][-]{section.15}{\376\377\0004\000.\0004\000\040\000P\000e\000n\000g\000u\000j\000i\000a\000n\000\040\000M\000a\000n\000a\000j\000e\000m\000e\000n\000\040\000K\000a\000t\000e\000g\000o\000r\000i}{}% 93
\BOOKMARK [2][-]{subsubsection.15.0.1}{\376\377\000H\000a\000s\000i\000l\000\040\000P\000e\000n\000g\000u\000j\000i\000a\000n}{section.15}% 94
\BOOKMARK [1][-]{section.16}{\376\377\0004\000.\0005\000\040\000P\000e\000n\000g\000u\000j\000i\000a\000n\000\040\000T\000r\000a\000n\000s\000a\000k\000s\000i\000\040\000P\000o\000i\000n\000t\000\040\000o\000f\000\040\000S\000a\000l\000e}{}% 95
\BOOKMARK [2][-]{subsubsection.16.0.1}{\376\377\000H\000a\000s\000i\000l\000\040\000P\000e\000n\000g\000u\000j\000i\000a\000n}{section.16}% 96
\BOOKMARK [1][-]{section.17}{\376\377\0004\000.\0006\000\040\000P\000e\000n\000g\000u\000j\000i\000a\000n\000\040\000P\000e\000m\000b\000a\000y\000a\000r\000a\000n\000\040\000Q\000R\000I\000S}{}% 97
\BOOKMARK [2][-]{subsubsection.17.0.1}{\376\377\000H\000a\000s\000i\000l\000\040\000P\000e\000n\000g\000u\000j\000i\000a\000n}{section.17}% 98
\BOOKMARK [1][-]{section.18}{\376\377\0004\000.\0007\000\040\000P\000e\000n\000g\000u\000j\000i\000a\000n\000\040\000F\000I\000F\000O}{}% 99
\BOOKMARK [2][-]{subsubsection.18.0.1}{\376\377\000D\000a\000t\000a\000\040\000A\000w\000a\000l}{section.18}% 100
\BOOKMARK [3][-]{subsubsection.18.0.2}{\376\377\000S\000i\000m\000u\000l\000a\000s\000i\000\040\000P\000e\000n\000j\000u\000a\000l\000a\000n}{subsubsection.18.0.1}% 101
\BOOKMARK [3][-]{subsubsection.18.0.3}{\376\377\000H\000a\000s\000i\000l}{subsubsection.18.0.1}% 102
\BOOKMARK [3][-]{subsubsection.18.0.4}{\376\377\000A\000n\000a\000l\000i\000s\000i\000s}{subsubsection.18.0.1}% 103
\BOOKMARK [1][-]{section.19}{\376\377\0004\000.\0008\000\040\000P\000e\000n\000g\000u\000j\000i\000a\000n\000\040\000A\000n\000a\000l\000y\000t\000i\000c\000s\000\040\000A\000p\000r\000i\000o\000r\000i}{}% 104
\BOOKMARK [2][-]{subsubsection.19.0.1}{\376\377\000D\000a\000t\000a\000\040\000S\000a\000m\000p\000e\000l}{section.19}% 105
\BOOKMARK [3][-]{subsubsection.19.0.2}{\376\377\000H\000a\000s\000i\000l\000\040\000A\000n\000a\000l\000i\000s\000i\000s}{subsubsection.19.0.1}% 106
\BOOKMARK [3][-]{subsubsection.19.0.3}{\376\377\000A\000n\000a\000l\000i\000s\000i\000s}{subsubsection.19.0.1}% 107
\BOOKMARK [1][-]{section.20}{\376\377\0004\000.\0009\000\040\000P\000e\000n\000g\000u\000j\000i\000a\000n\000\040\000M\000o\000d\000e\000\040\000O\000f\000f\000l\000i\000n\000e}{}% 108
\BOOKMARK [2][-]{subsubsection.20.0.1}{\376\377\000H\000a\000s\000i\000l\000\040\000P\000e\000n\000g\000u\000j\000i\000a\000n}{section.20}% 109
\BOOKMARK [1][-]{section.21}{\376\377\0004\000.\0001\0000\000\040\000R\000i\000n\000g\000k\000a\000s\000a\000n\000\040\000H\000a\000s\000i\000l\000\040\000P\000e\000n\000g\000u\000j\000i\000a\000n}{}% 110
\BOOKMARK [1][-]{section.22}{\376\377\0004\000.\0001\0001\000\040\000K\000e\000s\000i\000m\000p\000u\000l\000a\000n}{}% 111
